{"C:\\aastu\\weather-app-test\\src\\app.js": {"path":"C:\\aastu\\weather-app-test\\src\\app.js","statementMap":{"0":{"start":{"line":5,"column":20},"end":{"line":5,"column":56}},"1":{"start":{"line":6,"column":22},"end":{"line":6,"column":60}},"2":{"start":{"line":7,"column":24},"end":{"line":7,"column":64}},"3":{"start":{"line":8,"column":22},"end":{"line":8,"column":60}},"4":{"start":{"line":9,"column":22},"end":{"line":9,"column":60}},"5":{"start":{"line":10,"column":23},"end":{"line":10,"column":62}},"6":{"start":{"line":12,"column":2},"end":{"line":36,"column":5}},"7":{"start":{"line":13,"column":17},"end":{"line":13,"column":39}},"8":{"start":{"line":14,"column":4},"end":{"line":19,"column":5}},"9":{"start":{"line":15,"column":6},"end":{"line":15,"column":61}},"10":{"start":{"line":16,"column":6},"end":{"line":16,"column":35}},"11":{"start":{"line":17,"column":6},"end":{"line":17,"column":41}},"12":{"start":{"line":18,"column":6},"end":{"line":18,"column":13}},"13":{"start":{"line":21,"column":4},"end":{"line":35,"column":5}},"14":{"start":{"line":22,"column":19},"end":{"line":22,"column":43}},"15":{"start":{"line":23,"column":6},"end":{"line":23,"column":36}},"16":{"start":{"line":24,"column":6},"end":{"line":28,"column":8}},"17":{"start":{"line":29,"column":6},"end":{"line":29,"column":61}},"18":{"start":{"line":30,"column":6},"end":{"line":30,"column":42}},"19":{"start":{"line":32,"column":6},"end":{"line":32,"column":64}},"20":{"start":{"line":33,"column":6},"end":{"line":33,"column":35}},"21":{"start":{"line":34,"column":6},"end":{"line":34,"column":41}}},"fnMap":{"0":{"name":"initApp","decl":{"start":{"line":4,"column":16},"end":{"line":4,"column":23}},"loc":{"start":{"line":4,"column":26},"end":{"line":37,"column":1}},"line":4},"1":{"name":"(anonymous_1)","decl":{"start":{"line":12,"column":40},"end":{"line":12,"column":41}},"loc":{"start":{"line":12,"column":52},"end":{"line":36,"column":3}},"line":12}},"branchMap":{"0":{"loc":{"start":{"line":14,"column":4},"end":{"line":19,"column":5}},"type":"if","locations":[{"start":{"line":14,"column":4},"end":{"line":19,"column":5}},{"start":{},"end":{}}],"line":14}},"s":{"0":3,"1":3,"2":3,"3":3,"4":3,"5":3,"6":3,"7":3,"8":3,"9":1,"10":1,"11":1,"12":1,"13":2,"14":2,"15":1,"16":1,"17":1,"18":1,"19":1,"20":1,"21":1},"f":{"0":3,"1":3},"b":{"0":[1,2]},"_coverageSchema":"1a1c01bbd47fc00a2c39e90264f33305004495a9","hash":"bc51c43a1e8488776ff2ea37dfd8028443f3347f"}
}
